<?xml version="1.0" encoding="UTF-8"?>
<testsuite xmlns:xsi="http://www.w3.org/2001/XMLSchema-instance" xsi:noNamespaceSchemaLocation="https://maven.apache.org/surefire/maven-surefire-plugin/xsd/surefire-test-report.xsd" name="org.courseAPI.cli.service.CourseStorageServiceTest" time="1.116" tests="1" errors="0" skipped="0" failures="0">
  <properties>
    <property name="java.specification.version" value="17"/>
    <property name="sun.cpu.isalist" value="amd64"/>
    <property name="sun.jnu.encoding" value="Cp1252"/>
    <property name="java.class.path" value="E:\Java projects\Compeleted projects\Course-Info-API\Course-Info-API-cli\target\test-classes;E:\Java projects\Compeleted projects\Course-Info-API\Course-Info-API-cli\target\classes;E:\Java projects\Compeleted projects\Course-Info-API\Course-Info-API-repository\target\Course-Info-API-repository-1.0-SNAPSHOT.jar;C:\Users\MO_TAREK\.m2\repository\com\mysql\mysql-connector-j\8.0.33\mysql-connector-j-8.0.33.jar;C:\Users\MO_TAREK\.m2\repository\com\google\protobuf\protobuf-java\3.21.9\protobuf-java-3.21.9.jar;C:\Users\MO_TAREK\.m2\repository\org\slf4j\slf4j-api\1.7.36\slf4j-api-1.7.36.jar;C:\Users\MO_TAREK\.m2\repository\org\slf4j\slf4j-simple\1.7.36\slf4j-simple-1.7.36.jar;C:\Users\MO_TAREK\.m2\repository\com\fasterxml\jackson\core\jackson-databind\2.13.3\jackson-databind-2.13.3.jar;C:\Users\MO_TAREK\.m2\repository\com\fasterxml\jackson\core\jackson-core\2.13.3\jackson-core-2.13.3.jar;C:\Users\MO_TAREK\.m2\repository\com\fasterxml\jackson\core\jackson-annotations\2.13.3\jackson-annotations-2.13.3.jar;C:\Users\MO_TAREK\.m2\repository\org\junit\jupiter\junit-jupiter-engine\5.4.0\junit-jupiter-engine-5.4.0.jar;C:\Users\MO_TAREK\.m2\repository\org\apiguardian\apiguardian-api\1.0.0\apiguardian-api-1.0.0.jar;C:\Users\MO_TAREK\.m2\repository\org\junit\platform\junit-platform-engine\1.4.0\junit-platform-engine-1.4.0.jar;C:\Users\MO_TAREK\.m2\repository\org\opentest4j\opentest4j\1.1.1\opentest4j-1.1.1.jar;C:\Users\MO_TAREK\.m2\repository\org\junit\platform\junit-platform-commons\1.4.0\junit-platform-commons-1.4.0.jar;C:\Users\MO_TAREK\.m2\repository\org\junit\jupiter\junit-jupiter-api\5.4.0\junit-jupiter-api-5.4.0.jar;C:\Users\MO_TAREK\.m2\repository\org\mockito\mockito-core\2.27.0\mockito-core-2.27.0.jar;C:\Users\MO_TAREK\.m2\repository\net\bytebuddy\byte-buddy\1.9.10\byte-buddy-1.9.10.jar;C:\Users\MO_TAREK\.m2\repository\net\bytebuddy\byte-buddy-agent\1.9.10\byte-buddy-agent-1.9.10.jar;C:\Users\MO_TAREK\.m2\repository\org\objenesis\objenesis\2.6\objenesis-2.6.jar;C:\Users\MO_TAREK\.m2\repository\org\mockito\mockito-junit-jupiter\2.28.2\mockito-junit-jupiter-2.28.2.jar;"/>
    <property name="java.vm.vendor" value="Oracle Corporation"/>
    <property name="sun.arch.data.model" value="64"/>
    <property name="user.variant" value=""/>
    <property name="java.vendor.url" value="https://java.oracle.com/"/>
    <property name="user.timezone" value="Africa/Cairo"/>
    <property name="os.name" value="Windows 10"/>
    <property name="java.vm.specification.version" value="17"/>
    <property name="sun.java.launcher" value="SUN_STANDARD"/>
    <property name="user.country" value="US"/>
    <property name="sun.boot.library.path" value="C:\Program Files\Java\jdk-17.0.4\bin"/>
    <property name="sun.java.command" value="C:\Users\MO_TAREK\AppData\Local\Temp\surefire527556780126860208\surefirebooter12049976656212741197.jar C:\Users\MO_TAREK\AppData\Local\Temp\surefire527556780126860208 2024-01-11T13-51-46_786-jvmRun1 surefire4947372438366347622tmp surefire_09089471638758156492tmp"/>
    <property name="jdk.debug" value="release"/>
    <property name="surefire.test.class.path" value="E:\Java projects\Compeleted projects\Course-Info-API\Course-Info-API-cli\target\test-classes;E:\Java projects\Compeleted projects\Course-Info-API\Course-Info-API-cli\target\classes;E:\Java projects\Compeleted projects\Course-Info-API\Course-Info-API-repository\target\Course-Info-API-repository-1.0-SNAPSHOT.jar;C:\Users\MO_TAREK\.m2\repository\com\mysql\mysql-connector-j\8.0.33\mysql-connector-j-8.0.33.jar;C:\Users\MO_TAREK\.m2\repository\com\google\protobuf\protobuf-java\3.21.9\protobuf-java-3.21.9.jar;C:\Users\MO_TAREK\.m2\repository\org\slf4j\slf4j-api\1.7.36\slf4j-api-1.7.36.jar;C:\Users\MO_TAREK\.m2\repository\org\slf4j\slf4j-simple\1.7.36\slf4j-simple-1.7.36.jar;C:\Users\MO_TAREK\.m2\repository\com\fasterxml\jackson\core\jackson-databind\2.13.3\jackson-databind-2.13.3.jar;C:\Users\MO_TAREK\.m2\repository\com\fasterxml\jackson\core\jackson-core\2.13.3\jackson-core-2.13.3.jar;C:\Users\MO_TAREK\.m2\repository\com\fasterxml\jackson\core\jackson-annotations\2.13.3\jackson-annotations-2.13.3.jar;C:\Users\MO_TAREK\.m2\repository\org\junit\jupiter\junit-jupiter-engine\5.4.0\junit-jupiter-engine-5.4.0.jar;C:\Users\MO_TAREK\.m2\repository\org\apiguardian\apiguardian-api\1.0.0\apiguardian-api-1.0.0.jar;C:\Users\MO_TAREK\.m2\repository\org\junit\platform\junit-platform-engine\1.4.0\junit-platform-engine-1.4.0.jar;C:\Users\MO_TAREK\.m2\repository\org\opentest4j\opentest4j\1.1.1\opentest4j-1.1.1.jar;C:\Users\MO_TAREK\.m2\repository\org\junit\platform\junit-platform-commons\1.4.0\junit-platform-commons-1.4.0.jar;C:\Users\MO_TAREK\.m2\repository\org\junit\jupiter\junit-jupiter-api\5.4.0\junit-jupiter-api-5.4.0.jar;C:\Users\MO_TAREK\.m2\repository\org\mockito\mockito-core\2.27.0\mockito-core-2.27.0.jar;C:\Users\MO_TAREK\.m2\repository\net\bytebuddy\byte-buddy\1.9.10\byte-buddy-1.9.10.jar;C:\Users\MO_TAREK\.m2\repository\net\bytebuddy\byte-buddy-agent\1.9.10\byte-buddy-agent-1.9.10.jar;C:\Users\MO_TAREK\.m2\repository\org\objenesis\objenesis\2.6\objenesis-2.6.jar;C:\Users\MO_TAREK\.m2\repository\org\mockito\mockito-junit-jupiter\2.28.2\mockito-junit-jupiter-2.28.2.jar;"/>
    <property name="sun.cpu.endian" value="little"/>
    <property name="user.home" value="C:\Users\MO_TAREK"/>
    <property name="user.language" value="en"/>
    <property name="java.specification.vendor" value="Oracle Corporation"/>
    <property name="java.version.date" value="2022-07-19"/>
    <property name="java.home" value="C:\Program Files\Java\jdk-17.0.4"/>
    <property name="file.separator" value="\"/>
    <property name="basedir" value="E:\Java projects\Compeleted projects\Course-Info-API\Course-Info-API-cli"/>
    <property name="java.vm.compressedOopsMode" value="Zero based"/>
    <property name="line.separator" value="&#10;"/>
    <property name="java.vm.specification.vendor" value="Oracle Corporation"/>
    <property name="java.specification.name" value="Java Platform API Specification"/>
    <property name="surefire.real.class.path" value="C:\Users\MO_TAREK\AppData\Local\Temp\surefire527556780126860208\surefirebooter12049976656212741197.jar"/>
    <property name="user.script" value=""/>
    <property name="sun.management.compiler" value="HotSpot 64-Bit Tiered Compilers"/>
    <property name="java.runtime.version" value="17.0.4+11-LTS-179"/>
    <property name="user.name" value="MO_TAREK"/>
    <property name="path.separator" value=";"/>
    <property name="os.version" value="10.0"/>
    <property name="java.runtime.name" value="Java(TM) SE Runtime Environment"/>
    <property name="file.encoding" value="Cp1252"/>
    <property name="java.vm.name" value="Java HotSpot(TM) 64-Bit Server VM"/>
    <property name="localRepository" value="C:\Users\MO_TAREK\.m2\repository"/>
    <property name="java.vendor.url.bug" value="https://bugreport.java.com/bugreport/"/>
    <property name="java.io.tmpdir" value="C:\Users\MO_TAREK\AppData\Local\Temp\"/>
    <property name="java.version" value="17.0.4"/>
    <property name="user.dir" value="E:\Java projects\Compeleted projects\Course-Info-API\Course-Info-API-cli"/>
    <property name="os.arch" value="amd64"/>
    <property name="java.vm.specification.name" value="Java Virtual Machine Specification"/>
    <property name="sun.os.patch.level" value=""/>
    <property name="native.encoding" value="Cp1252"/>
    <property name="java.library.path" value="C:\Program Files\Java\jdk-17.0.4\bin;C:\Windows\Sun\Java\bin;C:\Windows\system32;C:\Windows;C:\Program Files\Common Files\Oracle\Java\javapath;C:\Windows\system32;C:\Windows;C:\Windows\System32\Wbem;C:\Windows\System32\WindowsPowerShell\v1.0\;C:\Windows\System32\OpenSSH\;C:\Program Files\nodejs\;C:\Program Files\Java\jdk-17.0.4\bin;C:\Program Files\apache-maven-3.8.6\bin;C:\Program Files\MySQL\MySQL Server 5.7\bin;C:\Users\MO_TAREK\AppData\Local\Programs\Python\Python311;C:\Windows\System32\Wbem;C:\Users\MO_TAREK\AppData\Local\Programs\Python\Python311\Scripts;C:\Program Files (x86)\gnupg\bin;C:\msys64\mingw64\bin;C:\Program Files\MySQL\MySQL Shell 8.0\bin\;C:\Program Files\Java\jdk-17.0.4\bin;C:\Program Files\maven\bin;C:\Users\MO_TAREK\AppData\Local\Microsoft\WindowsApps;C:\Users\MO_TAREK\AppData\Local\Programs\Microsoft VS Code\bin;C:\Users\MO_TAREK\AppData\Roaming\npm;C:\Program Files\apache-maven-3.8.6\bin;;C:\Program Files\JetBrains\IntelliJ IDEA Community Edition 2023.3\bin;;."/>
    <property name="java.vm.info" value="mixed mode, sharing"/>
    <property name="java.vendor" value="Oracle Corporation"/>
    <property name="java.vm.version" value="17.0.4+11-LTS-179"/>
    <property name="sun.io.unicode.encoding" value="UnicodeLittle"/>
    <property name="java.class.version" value="61.0"/>
  </properties>
  <testcase name="testStorePluralsightCourses" classname="org.courseAPI.cli.service.CourseStorageServiceTest" time="1.108"/>
</testsuite>